<?xml version="1.0" encoding="UTF-8"?>
<testng-results ignored="1" total="3" passed="2" failed="0" skipped="0">
  <reporter-output>
  </reporter-output>
  <suite started-at="2021-12-18T05:12:23Z" name="Default suite" finished-at="2021-12-18T05:12:43Z" duration-ms="19926">
    <groups>
    </groups>
    <test started-at="2021-12-18T05:12:23Z" name="Default test" finished-at="2021-12-18T05:12:43Z" duration-ms="19926">
      <class name="com.pasitiveFlow.Login_LogOut">
        <test-method is-config="true" signature="setUp()[pri:0, instance:com.pasitiveFlow.Login_LogOut@2d6c53fc]" started-at="2021-12-18T10:42:23Z" name="setUp" finished-at="2021-12-18T10:42:29Z" duration-ms="5839" status="PASS">
          <reporter-output>
          </reporter-output>
        </test-method> <!-- setUp -->
        <test-method signature="verifyAdminTab()[pri:1, instance:com.pasitiveFlow.Login_LogOut@2d6c53fc]" started-at="2021-12-18T10:42:29Z" name="verifyAdminTab" finished-at="2021-12-18T10:42:37Z" duration-ms="7951" status="PASS">
          <reporter-output>
          </reporter-output>
        </test-method> <!-- verifyAdminTab -->
        <test-method signature="verifyLeaveTab()[pri:2, instance:com.pasitiveFlow.Login_LogOut@2d6c53fc]" started-at="2021-12-18T10:42:37Z" name="verifyLeaveTab" finished-at="2021-12-18T10:42:42Z" duration-ms="5662" status="PASS">
          <reporter-output>
          </reporter-output>
        </test-method> <!-- verifyLeaveTab -->
        <test-method is-config="true" signature="tearDown()[pri:0, instance:com.pasitiveFlow.Login_LogOut@2d6c53fc]" started-at="2021-12-18T10:42:42Z" name="tearDown" finished-at="2021-12-18T10:42:43Z" duration-ms="452" status="PASS">
          <reporter-output>
          </reporter-output>
        </test-method> <!-- tearDown -->
      </class> <!-- com.pasitiveFlow.Login_LogOut -->
    </test> <!-- Default test -->
  </suite> <!-- Default suite -->
</testng-results>
