<?xml version="1.0" encoding="UTF-8"?>
<!-- Generated by org.testng.reporters.JUnitXMLReporter -->
<testsuite ignored="1" hostname="Sasi" failures="0" tests="2" name="Default test" time="19.926" errors="0" timestamp="18 Dec 2021 05:12:43 GMT">
  <testcase classname="com.pasitiveFlow.Login_LogOut" name="verifyAdminTab" time="7.951"/>
  <testcase classname="com.pasitiveFlow.Login_LogOut" name="verifyLeaveTab" time="5.662"/>
  <testcase classname="com.pasitiveFlow.Login_LogOut" name="verifyLoginLogout" time="0.0">
    <ignored/>
  </testcase> <!-- verifyLoginLogout -->
</testsuite> <!-- Default test -->
